#-----------------------------------------------------------
# Vivado v2021.1 (64-bit)
# SW Build 3247384 on Thu Jun 10 19:36:07 MDT 2021
# IP Build 3246043 on Fri Jun 11 00:30:35 MDT 2021
# Start of session at: Fri Oct 22 15:26:40 2021
# Process ID: 2612065
# Current directory: /afs/inf.ed.ac.uk/user/s19/s1902743/Desktop/Work/computer-architecture-practical/Practical-1d/prac1d/proj
# Command line: vivado
# Log file: /afs/inf.ed.ac.uk/user/s19/s1902743/Desktop/Work/computer-architecture-practical/Practical-1d/prac1d/proj/vivado.log
# Journal file: /afs/inf.ed.ac.uk/user/s19/s1902743/Desktop/Work/computer-architecture-practical/Practical-1d/prac1d/proj/vivado.jou
#-----------------------------------------------------------
start_gui
source create_project.tcl
# set proj_name "CARD_P1D"
# if {[info exists ::create_path]} {
# 	set dest_dir $::create_path
# } else {
# 	set dest_dir [file normalize [file dirname [info script]]]
# }
# puts "INFO: Creating new project in $dest_dir"
INFO: Creating new project in /afs/inf.ed.ac.uk/user/s19/s1902743/Desktop/Work/computer-architecture-practical/Practical-1d/prac1d/proj
# cd $dest_dir
# set part "xc7z020clg400-1"
# set brd_part "tul.com.tw:pynq-z2:part0:1.0"
# set origin_dir ".."
# set orig_proj_dir "[file normalize "$origin_dir/proj"]"
# set src_dir $origin_dir/src
# set repo_dir $origin_dir/repo
# set_param board.repoPaths "[file normalize "$repo_dir/board_files"]"
# create_project -force $proj_name $dest_dir
INFO: [IP_Flow 19-234] Refreshing IP repositories
INFO: [IP_Flow 19-1704] No user IP repositories specified
INFO: [IP_Flow 19-2313] Loaded Vivado IP repository '/opt/Xilinx/Vivado/2021.1/data/ip'.
INFO: [IP_Flow 19-3899] Cannot get the environment domain name variable for the component vendor name. Setting the vendor name to 'user.org'.
INFO: [IP_Flow 19-3899] Cannot get the environment domain name variable for the component vendor name. Setting the vendor name to 'user.org'.
INFO: [IP_Flow 19-3899] Cannot get the environment domain name variable for the component vendor name. Setting the vendor name to 'user.org'.
INFO: [IP_Flow 19-3899] Cannot get the environment domain name variable for the component vendor name. Setting the vendor name to 'user.org'.
INFO: [IP_Flow 19-3899] Cannot get the environment domain name variable for the component vendor name. Setting the vendor name to 'user.org'.
INFO: [IP_Flow 19-3899] Cannot get the environment domain name variable for the component vendor name. Setting the vendor name to 'user.org'.
INFO: [IP_Flow 19-3899] Cannot get the environment domain name variable for the component vendor name. Setting the vendor name to 'user.org'.
INFO: [IP_Flow 19-3899] Cannot get the environment domain name variable for the component vendor name. Setting the vendor name to 'user.org'.
INFO: [IP_Flow 19-3899] Cannot get the environment domain name variable for the component vendor name. Setting the vendor name to 'user.org'.
INFO: [IP_Flow 19-3899] Cannot get the environment domain name variable for the component vendor name. Setting the vendor name to 'user.org'.
INFO: [IP_Flow 19-3899] Cannot get the environment domain name variable for the component vendor name. Setting the vendor name to 'user.org'.
INFO: [IP_Flow 19-3899] Cannot get the environment domain name variable for the component vendor name. Setting the vendor name to 'user.org'.
INFO: [IP_Flow 19-3899] Cannot get the environment domain name variable for the component vendor name. Setting the vendor name to 'user.org'.
INFO: [IP_Flow 19-3899] Cannot get the environment domain name variable for the component vendor name. Setting the vendor name to 'user.org'.
INFO: [IP_Flow 19-3899] Cannot get the environment domain name variable for the component vendor name. Setting the vendor name to 'user.org'.
INFO: [IP_Flow 19-3899] Cannot get the environment domain name variable for the component vendor name. Setting the vendor name to 'user.org'.
INFO: [IP_Flow 19-3899] Cannot get the environment domain name variable for the component vendor name. Setting the vendor name to 'user.org'.
INFO: [IP_Flow 19-3899] Cannot get the environment domain name variable for the component vendor name. Setting the vendor name to 'user.org'.
INFO: [IP_Flow 19-3899] Cannot get the environment domain name variable for the component vendor name. Setting the vendor name to 'user.org'.
INFO: [IP_Flow 19-3899] Cannot get the environment domain name variable for the component vendor name. Setting the vendor name to 'user.org'.
INFO: [IP_Flow 19-3899] Cannot get the environment domain name variable for the component vendor name. Setting the vendor name to 'user.org'.
INFO: [IP_Flow 19-3899] Cannot get the environment domain name variable for the component vendor name. Setting the vendor name to 'user.org'.
INFO: [IP_Flow 19-3899] Cannot get the environment domain name variable for the component vendor name. Setting the vendor name to 'user.org'.
INFO: [IP_Flow 19-3899] Cannot get the environment domain name variable for the component vendor name. Setting the vendor name to 'user.org'.
INFO: [IP_Flow 19-3899] Cannot get the environment domain name variable for the component vendor name. Setting the vendor name to 'user.org'.
INFO: [IP_Flow 19-3899] Cannot get the environment domain name variable for the component vendor name. Setting the vendor name to 'user.org'.
INFO: [IP_Flow 19-3899] Cannot get the environment domain name variable for the component vendor name. Setting the vendor name to 'user.org'.
INFO: [IP_Flow 19-3899] Cannot get the environment domain name variable for the component vendor name. Setting the vendor name to 'user.org'.
INFO: [IP_Flow 19-3899] Cannot get the environment domain name variable for the component vendor name. Setting the vendor name to 'user.org'.
INFO: [IP_Flow 19-3899] Cannot get the environment domain name variable for the component vendor name. Setting the vendor name to 'user.org'.
INFO: [IP_Flow 19-3899] Cannot get the environment domain name variable for the component vendor name. Setting the vendor name to 'user.org'.
INFO: [IP_Flow 19-3899] Cannot get the environment domain name variable for the component vendor name. Setting the vendor name to 'user.org'.
INFO: [IP_Flow 19-3899] Cannot get the environment domain name variable for the component vendor name. Setting the vendor name to 'user.org'.
INFO: [IP_Flow 19-3899] Cannot get the environment domain name variable for the component vendor name. Setting the vendor name to 'user.org'.
INFO: [IP_Flow 19-3899] Cannot get the environment domain name variable for the component vendor name. Setting the vendor name to 'user.org'.
INFO: [IP_Flow 19-3899] Cannot get the environment domain name variable for the component vendor name. Setting the vendor name to 'user.org'.
INFO: [IP_Flow 19-3899] Cannot get the environment domain name variable for the component vendor name. Setting the vendor name to 'user.org'.
INFO: [IP_Flow 19-3899] Cannot get the environment domain name variable for the component vendor name. Setting the vendor name to 'user.org'.
INFO: [IP_Flow 19-3899] Cannot get the environment domain name variable for the component vendor name. Setting the vendor name to 'user.org'.
INFO: [IP_Flow 19-3899] Cannot get the environment domain name variable for the component vendor name. Setting the vendor name to 'user.org'.
INFO: [IP_Flow 19-3899] Cannot get the environment domain name variable for the component vendor name. Setting the vendor name to 'user.org'.
INFO: [IP_Flow 19-3899] Cannot get the environment domain name variable for the component vendor name. Setting the vendor name to 'user.org'.
INFO: [IP_Flow 19-3899] Cannot get the environment domain name variable for the component vendor name. Setting the vendor name to 'user.org'.
INFO: [IP_Flow 19-3899] Cannot get the environment domain name variable for the component vendor name. Setting the vendor name to 'user.org'.
INFO: [IP_Flow 19-3899] Cannot get the environment domain name variable for the component vendor name. Setting the vendor name to 'user.org'.
INFO: [IP_Flow 19-3899] Cannot get the environment domain name variable for the component vendor name. Setting the vendor name to 'user.org'.
INFO: [IP_Flow 19-3899] Cannot get the environment domain name variable for the component vendor name. Setting the vendor name to 'user.org'.
INFO: [IP_Flow 19-3899] Cannot get the environment domain name variable for the component vendor name. Setting the vendor name to 'user.org'.
INFO: [IP_Flow 19-3899] Cannot get the environment domain name variable for the component vendor name. Setting the vendor name to 'user.org'.
INFO: [IP_Flow 19-3899] Cannot get the environment domain name variable for the component vendor name. Setting the vendor name to 'user.org'.
INFO: [IP_Flow 19-3899] Cannot get the environment domain name variable for the component vendor name. Setting the vendor name to 'user.org'.
INFO: [IP_Flow 19-3899] Cannot get the environment domain name variable for the component vendor name. Setting the vendor name to 'user.org'.
INFO: [IP_Flow 19-3899] Cannot get the environment domain name variable for the component vendor name. Setting the vendor name to 'user.org'.
INFO: [IP_Flow 19-3899] Cannot get the environment domain name variable for the component vendor name. Setting the vendor name to 'user.org'.
INFO: [IP_Flow 19-3899] Cannot get the environment domain name variable for the component vendor name. Setting the vendor name to 'user.org'.
INFO: [IP_Flow 19-3899] Cannot get the environment domain name variable for the component vendor name. Setting the vendor name to 'user.org'.
INFO: [IP_Flow 19-3899] Cannot get the environment domain name variable for the component vendor name. Setting the vendor name to 'user.org'.
INFO: [IP_Flow 19-3899] Cannot get the environment domain name variable for the component vendor name. Setting the vendor name to 'user.org'.
INFO: [IP_Flow 19-3899] Cannot get the environment domain name variable for the component vendor name. Setting the vendor name to 'user.org'.
INFO: [IP_Flow 19-3899] Cannot get the environment domain name variable for the component vendor name. Setting the vendor name to 'user.org'.
INFO: [IP_Flow 19-3899] Cannot get the environment domain name variable for the component vendor name. Setting the vendor name to 'user.org'.
INFO: [IP_Flow 19-3899] Cannot get the environment domain name variable for the component vendor name. Setting the vendor name to 'user.org'.
INFO: [IP_Flow 19-3899] Cannot get the environment domain name variable for the component vendor name. Setting the vendor name to 'user.org'.
INFO: [IP_Flow 19-3899] Cannot get the environment domain name variable for the component vendor name. Setting the vendor name to 'user.org'.
INFO: [IP_Flow 19-3899] Cannot get the environment domain name variable for the component vendor name. Setting the vendor name to 'user.org'.
INFO: [IP_Flow 19-3899] Cannot get the environment domain name variable for the component vendor name. Setting the vendor name to 'user.org'.
INFO: [IP_Flow 19-3899] Cannot get the environment domain name variable for the component vendor name. Setting the vendor name to 'user.org'.
INFO: [IP_Flow 19-3899] Cannot get the environment domain name variable for the component vendor name. Setting the vendor name to 'user.org'.
INFO: [IP_Flow 19-3899] Cannot get the environment domain name variable for the component vendor name. Setting the vendor name to 'user.org'.
INFO: [IP_Flow 19-3899] Cannot get the environment domain name variable for the component vendor name. Setting the vendor name to 'user.org'.
INFO: [IP_Flow 19-3899] Cannot get the environment domain name variable for the component vendor name. Setting the vendor name to 'user.org'.
INFO: [IP_Flow 19-3899] Cannot get the environment domain name variable for the component vendor name. Setting the vendor name to 'user.org'.
INFO: [IP_Flow 19-3899] Cannot get the environment domain name variable for the component vendor name. Setting the vendor name to 'user.org'.
INFO: [IP_Flow 19-3899] Cannot get the environment domain name variable for the component vendor name. Setting the vendor name to 'user.org'.
INFO: [IP_Flow 19-3899] Cannot get the environment domain name variable for the component vendor name. Setting the vendor name to 'user.org'.
INFO: [IP_Flow 19-3899] Cannot get the environment domain name variable for the component vendor name. Setting the vendor name to 'user.org'.
INFO: [IP_Flow 19-3899] Cannot get the environment domain name variable for the component vendor name. Setting the vendor name to 'user.org'.
INFO: [IP_Flow 19-3899] Cannot get the environment domain name variable for the component vendor name. Setting the vendor name to 'user.org'.
INFO: [IP_Flow 19-3899] Cannot get the environment domain name variable for the component vendor name. Setting the vendor name to 'user.org'.
INFO: [IP_Flow 19-3899] Cannot get the environment domain name variable for the component vendor name. Setting the vendor name to 'user.org'.
INFO: [IP_Flow 19-3899] Cannot get the environment domain name variable for the component vendor name. Setting the vendor name to 'user.org'.
INFO: [IP_Flow 19-3899] Cannot get the environment domain name variable for the component vendor name. Setting the vendor name to 'user.org'.
INFO: [IP_Flow 19-3899] Cannot get the environment domain name variable for the component vendor name. Setting the vendor name to 'user.org'.
INFO: [IP_Flow 19-3899] Cannot get the environment domain name variable for the component vendor name. Setting the vendor name to 'user.org'.
INFO: [IP_Flow 19-3899] Cannot get the environment domain name variable for the component vendor name. Setting the vendor name to 'user.org'.
INFO: [IP_Flow 19-3899] Cannot get the environment domain name variable for the component vendor name. Setting the vendor name to 'user.org'.
INFO: [IP_Flow 19-3899] Cannot get the environment domain name variable for the component vendor name. Setting the vendor name to 'user.org'.
INFO: [IP_Flow 19-3899] Cannot get the environment domain name variable for the component vendor name. Setting the vendor name to 'user.org'.
INFO: [IP_Flow 19-3899] Cannot get the environment domain name variable for the component vendor name. Setting the vendor name to 'user.org'.
INFO: [IP_Flow 19-3899] Cannot get the environment domain name variable for the component vendor name. Setting the vendor name to 'user.org'.
INFO: [IP_Flow 19-3899] Cannot get the environment domain name variable for the component vendor name. Setting the vendor name to 'user.org'.
INFO: [IP_Flow 19-3899] Cannot get the environment domain name variable for the component vendor name. Setting the vendor name to 'user.org'.
INFO: [IP_Flow 19-3899] Cannot get the environment domain name variable for the component vendor name. Setting the vendor name to 'user.org'.
INFO: [IP_Flow 19-3899] Cannot get the environment domain name variable for the component vendor name. Setting the vendor name to 'user.org'.
INFO: [IP_Flow 19-3899] Cannot get the environment domain name variable for the component vendor name. Setting the vendor name to 'user.org'.
INFO: [IP_Flow 19-3899] Cannot get the environment domain name variable for the component vendor name. Setting the vendor name to 'user.org'.
INFO: [IP_Flow 19-3899] Cannot get the environment domain name variable for the component vendor name. Setting the vendor name to 'user.org'.
INFO: [IP_Flow 19-3899] Cannot get the environment domain name variable for the component vendor name. Setting the vendor name to 'user.org'.
INFO: [IP_Flow 19-3899] Cannot get the environment domain name variable for the component vendor name. Setting the vendor name to 'user.org'.
INFO: [IP_Flow 19-3899] Cannot get the environment domain name variable for the component vendor name. Setting the vendor name to 'user.org'.
INFO: [Common 17-14] Message 'IP_Flow 19-3899' appears 100 times and further instances of the messages will be disabled. Use the Tcl command set_msg_config to change the current settings.
create_project: Time (s): cpu = 00:00:15 ; elapsed = 00:00:09 . Memory (MB): peak = 7300.227 ; gain = 44.824 ; free physical = 185430 ; free virtual = 236665
# set proj_dir [get_property directory [current_project]]
# set obj [get_projects $proj_name]
# set_property "default_lib" "xil_defaultlib" $obj
# set_property "part" $part $obj
# set_property "board_part" $brd_part $obj
# set_property "simulator_language" "Mixed" $obj
# set_property "target_language" "Verilog" $obj
# if {[string equal [get_filesets -quiet sources_1] ""]} {
#   create_fileset -srcset sources_1
# }
# if {[string equal [get_filesets -quiet sources_2] ""]} {
#   create_fileset -srcset sources_2
# }
# if {[string equal [get_filesets -quiet constrs_1] ""]} {
#   create_fileset -constrset constrs_1
# }
# if {[string equal [get_filesets -quiet sim_1] ""]} {
#   create_fileset -srcset sim_1
# }
# set obj [get_filesets sources_1]
# add_files -quiet $src_dir/inc
# set_property "FILE_TYPE" "Verilog Header" [get_files -of_objects $obj]
# set obj [get_filesets sources_2]
# set_property "ip_repo_paths" "[file normalize $repo_dir]" $obj
# update_ip_catalog -rebuild
INFO: [IP_Flow 19-234] Refreshing IP repositories
INFO: [IP_Flow 19-1700] Loaded user IP repository '/afs/inf.ed.ac.uk/user/s19/s1902743/Desktop/Work/computer-architecture-practical/Practical-1d/prac1d/repo'.
# add_files -quiet $src_dir/hdl
# add_files -quiet [glob -nocomplain ../src/ip/*.xci]
# add_files -quiet [glob -nocomplain ../src/ip/*.xcix]
# add_files -quiet [glob -nocomplain ../src/ip/*/*.xci]
# add_files -quiet [glob -nocomplain ../src/ip/*/*.xcix]
# set_property used_in_synthesis false      [get_files  ../src/ip/rv32im_rm_0/rv32im_rm_0.xci]
# set_property used_in_implementation false [get_files  ../src/ip/rv32im_rm_0/rv32im_rm_0.xci]
# add_files -fileset constrs_1 -quiet $src_dir/constraints
# add_files -fileset sim_1 -quiet $src_dir/sim
# add_files -quiet [glob -nocomplain ../src/others/*.hex]
# set obj [get_files *.hex]
# set_property "FILE_TYPE" "MEMORY INITIALIZATION FILES" $obj
# if {[string equal [get_runs -quiet synth_1] ""]} {
#   create_run -name synth_1 -part $part -flow {Vivado Synthesis 2021} -strategy "Vivado Synthesis Defaults" -constrset constrs_1
# } else {
#   set_property strategy "Vivado Synthesis Defaults" [get_runs synth_1]
#   set_property flow "Vivado Synthesis 2021" [get_runs synth_1]
# }
# set obj [get_runs synth_1]
# set_property "part" $part $obj
# set_property "steps.synth_design.args.flatten_hierarchy" "none" $obj
# set_property "steps.synth_design.args.directive" "RuntimeOptimized" $obj
# set_property "steps.synth_design.args.fsm_extraction" "off" $obj
# current_run -synthesis [get_runs synth_1]
# if {[string equal [get_runs -quiet impl_1] ""]} {
#   create_run -name impl_1 -part $part -flow {Vivado Implementation 2021} -strategy "Vivado Implementation Defaults" -constrset constrs_1 -parent_run synth_1
# } else {
#   set_property strategy "Vivado Implementation Defaults" [get_runs impl_1]
#   set_property flow "Vivado Implementation 2015" [get_runs impl_1]
# }
# set obj [get_runs impl_1]
# set_property "part" $part $obj
# set_property "steps.opt_design.args.directive"   "RuntimeOptimized" $obj
# set_property "steps.place_design.args.directive" "RuntimeOptimized" $obj
# set_property "steps.route_design.args.directive" "RuntimeOptimized" $obj
# current_run -implementation [get_runs impl_1]
# puts "INFO: Project created:$proj_name"
INFO: Project created:CARD_P1D
# set bd_list [glob -nocomplain $src_dir/bd/*/*.bd]
# if {[llength $bd_list] != 0} {
#   add_files -norecurse -quiet -fileset sources_1 [glob -nocomplain $src_dir/bd/*/*.bd]
#   open_bd_design [glob -nocomplain $src_dir/bd/*/*.bd]
#   set design_name [get_bd_designs]
#   set file "$origin_dir/src/bd/$design_name/$design_name.bd"
#   set file [file normalize $file]
#   set file_obj [get_files -of_objects [get_filesets sources_1] [list "*$file"]]
#   if { ![get_property "is_locked" $file_obj] } {
#     set_property "synth_checkpoint_mode" "Hierarchical" $file_obj
#   }
#  
#   # Generate the wrapper 
#   set design_name [get_bd_designs]
#   add_files -norecurse [make_wrapper -files [get_files $design_name.bd] -top -force]
# 
#   set obj [get_filesets sources_1]
#   set_property "top" "${design_name}_wrapper" $obj
# }
# set sdk_dir $origin_dir/sdk
# set hw_list [glob -nocomplain $sdk_dir/*hw_platform*]
# if {[llength $hw_list] != 0} {
#   foreach hw_plat $hw_list {
# 	file delete -force $hw_plat
#   }
# }
# delete_fileset sources_2
# set sdk_list [glob -nocomplain $sdk_dir/*]
# set sdk_list [lsearch -inline -all -not -exact $sdk_list "../sdk/.keep"]
# if {[llength $sdk_list] != 0} {
# 	exec xsct -eval "setws -switch ../sdk; importproject ../sdk"
# }
# set_property -name {xsim.simulate.runtime} -value {100us} -objects [get_filesets sim_1]
update_compile_order -fileset sources_1
update_compile_order -fileset sim_1
update_compile_order -fileset sim_1
update_compile_order -fileset sources_1
exit
INFO: [Common 17-206] Exiting Vivado at Fri Oct 22 15:29:05 2021...
