Copyright 1986-2021 Xilinx, Inc. All Rights Reserved.
------------------------------------------------------------------------------------
| Tool Version : Vivado v.2021.1 (win64) Build 3247384 Thu Jun 10 19:36:33 MDT 2021
| Date         : Mon Oct 25 21:14:46 2021
| Host         : DESKTOP-M660UKK running 64-bit major release  (build 9200)
| Command      : report_clock_utilization -file top_clock_utilization_routed.rpt
| Design       : top
| Device       : 7z020-clg400
| Speed File   : -1  PRODUCTION 1.12 2019-11-22
| Design State : Routed
------------------------------------------------------------------------------------

Clock Utilization Report

Table of Contents
-----------------
1. Clock Primitive Utilization
2. Global Clock Resources
3. Global Clock Source Details
4. Clock Regions: Key Resource Utilization
5. Clock Regions : Global Clock Summary
6. Device Cell Placement Summary for Global Clock g0
7. Device Cell Placement Summary for Global Clock g1
8. Device Cell Placement Summary for Global Clock g2
9. Device Cell Placement Summary for Global Clock g3
10. Device Cell Placement Summary for Global Clock g4
11. Device Cell Placement Summary for Global Clock g5
12. Clock Region Cell Placement per Global Clock: Region X1Y0
13. Clock Region Cell Placement per Global Clock: Region X0Y1
14. Clock Region Cell Placement per Global Clock: Region X1Y1
15. Clock Region Cell Placement per Global Clock: Region X0Y2
16. Clock Region Cell Placement per Global Clock: Region X1Y2

1. Clock Primitive Utilization
------------------------------

+----------+------+-----------+-----+--------------+--------+
| Type     | Used | Available | LOC | Clock Region | Pblock |
+----------+------+-----------+-----+--------------+--------+
| BUFGCTRL |    6 |        32 |   0 |            0 |      0 |
| BUFH     |    0 |        72 |   0 |            0 |      0 |
| BUFIO    |    0 |        16 |   0 |            0 |      0 |
| BUFMR    |    0 |         8 |   0 |            0 |      0 |
| BUFR     |    0 |        16 |   0 |            0 |      0 |
| MMCM     |    2 |         4 |   0 |            0 |      0 |
| PLL      |    0 |         4 |   0 |            0 |      0 |
+----------+------+-----------+-----+--------------+--------+


2. Global Clock Resources
-------------------------

+-----------+-----------+-----------------+------------+----------------+--------------+-------------------+-------------+-----------------+--------------+--------------------------+--------------------------------------+-----------------------------------------------------+
| Global Id | Source Id | Driver Type/Pin | Constraint | Site           | Clock Region | Load Clock Region | Clock Loads | Non-Clock Loads | Clock Period | Clock                    | Driver Pin                           | Net                                                 |
+-----------+-----------+-----------------+------------+----------------+--------------+-------------------+-------------+-----------------+--------------+--------------------------+--------------------------------------+-----------------------------------------------------+
| g0        | src0      | BUFG/O          | None       | BUFGCTRL_X0Y16 | n/a          |                 2 |        2800 |               0 |       16.667 | cpu_clk                  | u_cpu_clock_gen/inst/clkout1_buf/O   | u_cpu_clock_gen/inst/clk_60MHz                      |
| g1        | src1      | BUFG/O          | None       | BUFGCTRL_X0Y0  | n/a          |                 5 |         312 |               0 |       24.999 | pixel_clk                | u_video_clock_gen/inst/clkout2_buf/O | u_video_clock_gen/inst/pixel_clk                    |
| g2        | src2      | BUFG/O          | None       | BUFGCTRL_X0Y1  | n/a          |                 1 |           8 |               0 |        5.000 | serial_clk               | u_video_clock_gen/inst/clkout1_buf/O | u_video_clock_gen/inst/serial_clk                   |
| g3        | src3      | BUFG/O          | None       | BUFGCTRL_X0Y18 | n/a          |                 1 |           1 |               0 |       13.333 | clk_75MHz_cpu_clock_gen  | u_cpu_clock_gen/inst/clkout2_buf/O   | u_cpu_clock_gen/inst/clk_75MHz                      |
| g4        | src4      | BUFG/O          | None       | BUFGCTRL_X0Y17 | n/a          |                 1 |           1 |               0 |       40.000 | clkfbout_cpu_clock_gen   | u_cpu_clock_gen/inst/clkf_buf/O      | u_cpu_clock_gen/inst/clkfbout_buf_cpu_clock_gen     |
| g5        | src5      | BUFG/O          | None       | BUFGCTRL_X0Y2  | n/a          |                 1 |           1 |               0 |       39.999 | clkfbout_video_clock_gen | u_video_clock_gen/inst/clkf_buf/O    | u_video_clock_gen/inst/clkfbout_buf_video_clock_gen |
+-----------+-----------+-----------------+------------+----------------+--------------+-------------------+-------------+-----------------+--------------+--------------------------+--------------------------------------+-----------------------------------------------------+
* Clock Loads column represents the clock pin loads (pin count)
** Non-Clock Loads column represents the non-clock pin loads (pin count)


3. Global Clock Source Details
------------------------------

+-----------+-----------+---------------------+------------+-----------------+--------------+-------------+-----------------+---------------------+--------------------------+-----------------------------------------------+---------------------------------------------------+
| Source Id | Global Id | Driver Type/Pin     | Constraint | Site            | Clock Region | Clock Loads | Non-Clock Loads | Source Clock Period | Source Clock             | Driver Pin                                    | Net                                               |
+-----------+-----------+---------------------+------------+-----------------+--------------+-------------+-----------------+---------------------+--------------------------+-----------------------------------------------+---------------------------------------------------+
| src0      | g0        | MMCME2_ADV/CLKOUT0  | None       | MMCME2_ADV_X1Y2 | X1Y2         |           1 |               0 |              16.667 | cpu_clk                  | u_cpu_clock_gen/inst/mmcm_adv_inst/CLKOUT0    | u_cpu_clock_gen/inst/clk_60MHz_cpu_clock_gen      |
| src1      | g1        | MMCME2_ADV/CLKOUT1  | None       | MMCME2_ADV_X1Y0 | X1Y0         |           1 |               0 |              24.999 | pixel_clk                | u_video_clock_gen/inst/mmcm_adv_inst/CLKOUT1  | u_video_clock_gen/inst/pixel_clk_video_clock_gen  |
| src2      | g2        | MMCME2_ADV/CLKOUT0  | None       | MMCME2_ADV_X1Y0 | X1Y0         |           1 |               0 |               5.000 | serial_clk               | u_video_clock_gen/inst/mmcm_adv_inst/CLKOUT0  | u_video_clock_gen/inst/serial_clk_video_clock_gen |
| src3      | g3        | MMCME2_ADV/CLKOUT1  | None       | MMCME2_ADV_X1Y2 | X1Y2         |           1 |               0 |              13.333 | clk_75MHz_cpu_clock_gen  | u_cpu_clock_gen/inst/mmcm_adv_inst/CLKOUT1    | u_cpu_clock_gen/inst/clk_75MHz_cpu_clock_gen      |
| src4      | g4        | MMCME2_ADV/CLKFBOUT | None       | MMCME2_ADV_X1Y2 | X1Y2         |           1 |               0 |              40.000 | clkfbout_cpu_clock_gen   | u_cpu_clock_gen/inst/mmcm_adv_inst/CLKFBOUT   | u_cpu_clock_gen/inst/clkfbout_cpu_clock_gen       |
| src5      | g5        | MMCME2_ADV/CLKFBOUT | None       | MMCME2_ADV_X1Y0 | X1Y0         |           1 |               0 |              39.999 | clkfbout_video_clock_gen | u_video_clock_gen/inst/mmcm_adv_inst/CLKFBOUT | u_video_clock_gen/inst/clkfbout_video_clock_gen   |
+-----------+-----------+---------------------+------------+-----------------+--------------+-------------+-----------------+---------------------+--------------------------+-----------------------------------------------+---------------------------------------------------+
* Clock Loads column represents the clock pin loads (pin count)
** Non-Clock Loads column represents the non-clock pin loads (pin count)


4. Clock Regions: Key Resource Utilization
------------------------------------------

+-------------------+--------------+--------------+--------------+--------------+--------------+--------------+--------------+--------------+--------------+--------------+--------------+--------------+--------------+--------------+--------------+
|                   | Global Clock |     BUFRs    |    BUFMRs    |    BUFIOs    |     MMCM     |      PLL     |      GT      |      PCI     |    ILOGIC    |    OLOGIC    |      FF      |     LUTM     |    RAMB18    |    RAMB36    |    DSP48E2   |
+-------------------+------+-------+------+-------+------+-------+------+-------+------+-------+------+-------+------+-------+------+-------+------+-------+------+-------+------+-------+------+-------+------+-------+------+-------+------+-------+
| Clock Region Name | Used | Avail | Used | Avail | Used | Avail | Used | Avail | Used | Avail | Used | Avail | Used | Avail | Used | Avail | Used | Avail | Used | Avail | Used | Avail | Used | Avail | Used | Avail | Used | Avail | Used | Avail |
+-------------------+------+-------+------+-------+------+-------+------+-------+------+-------+------+-------+------+-------+------+-------+------+-------+------+-------+------+-------+------+-------+------+-------+------+-------+------+-------+
| X0Y0              |    0 |    12 |    0 |     4 |    0 |     2 |    0 |     4 |    0 |     1 |    0 |     1 |    0 |     0 |    0 |     0 |    0 |    50 |    0 |    50 |    0 |  2500 |    0 |  1000 |    0 |    60 |    0 |    30 |    0 |    60 |
| X1Y0              |    3 |    12 |    0 |     4 |    0 |     2 |    0 |     4 |    1 |     1 |    0 |     1 |    0 |     0 |    0 |     0 |    0 |    50 |    0 |    50 |    0 |  3200 |    0 |   850 |    0 |    60 |    3 |    30 |    0 |    40 |
| X0Y1              |    1 |    12 |    0 |     0 |    0 |     0 |    0 |     0 |    0 |     0 |    0 |     0 |    0 |     0 |    0 |     0 |    0 |     0 |    0 |     0 |    0 |  1200 |    0 |   400 |    0 |    20 |    3 |    10 |    0 |    20 |
| X1Y1              |    2 |    12 |    0 |     4 |    0 |     2 |    0 |     4 |    0 |     1 |    0 |     1 |    0 |     0 |    0 |     0 |    0 |    50 |    0 |    50 |  144 |  2600 |   70 |   850 |    0 |    60 |   21 |    30 |    0 |    40 |
| X0Y2              |    1 |    12 |    0 |     0 |    0 |     0 |    0 |     0 |    0 |     0 |    0 |     0 |    0 |     0 |    0 |     0 |    0 |     0 |    0 |     0 |    0 |  1200 |    0 |   400 |    0 |    20 |    3 |    10 |    0 |    20 |
| X1Y2              |    4 |    12 |    0 |     4 |    0 |     2 |    0 |     4 |    1 |     1 |    0 |     1 |    0 |     0 |    0 |     0 |    0 |    50 |    8 |    50 | 2901 |  2600 | 1084 |   850 |    2 |    60 |   19 |    30 |    3 |    40 |
+-------------------+------+-------+------+-------+------+-------+------+-------+------+-------+------+-------+------+-------+------+-------+------+-------+------+-------+------+-------+------+-------+------+-------+------+-------+------+-------+
* Global Clock column represents track count; while other columns represents cell counts


5. Clock Regions : Global Clock Summary
---------------------------------------

All Modules
+----+----+----+
|    | X0 | X1 |
+----+----+----+
| Y2 |  1 |  4 |
| Y1 |  1 |  2 |
| Y0 |  0 |  3 |
+----+----+----+


6. Device Cell Placement Summary for Global Clock g0
----------------------------------------------------

+-----------+-----------------+-------------------+---------+-------------+---------------+-------------+----------+----------------+----------+--------------------------------+
| Global Id | Driver Type/Pin | Driver Region (D) | Clock   | Period (ns) | Waveform (ns) | Slice Loads | IO Loads | Clocking Loads | GT Loads | Net                            |
+-----------+-----------------+-------------------+---------+-------------+---------------+-------------+----------+----------------+----------+--------------------------------+
| g0        | BUFG/O          | n/a               | cpu_clk |      16.667 | {0.000 8.333} |        2798 |        0 |              0 |        0 | u_cpu_clock_gen/inst/clk_60MHz |
+-----------+-----------------+-------------------+---------+-------------+---------------+-------------+----------+----------------+----------+--------------------------------+
* Slice Loads column represents load cell count of all cell types other than IO, GT and clock resources
** IO Loads column represents load cell count of IO types
*** Clocking Loads column represents load cell count that are clock resources (global clock buffer, MMCM, PLL, etc)
**** GT Loads column represents load cell count of GT types


+----+----+-------+-----------------------+
|    | X0 | X1    | HORIZONTAL PROG DELAY |
+----+----+-------+-----------------------+
| Y2 |  0 |  2674 |                     0 |
| Y1 |  0 |   124 |                     0 |
| Y0 |  0 |     0 |                     0 |
+----+----+-------+-----------------------+


7. Device Cell Placement Summary for Global Clock g1
----------------------------------------------------

+-----------+-----------------+-------------------+-----------+-------------+----------------+-------------+----------+----------------+----------+----------------------------------+
| Global Id | Driver Type/Pin | Driver Region (D) | Clock     | Period (ns) | Waveform (ns)  | Slice Loads | IO Loads | Clocking Loads | GT Loads | Net                              |
+-----------+-----------------+-------------------+-----------+-------------+----------------+-------------+----------+----------------+----------+----------------------------------+
| g1        | BUFG/O          | n/a               | pixel_clk |      24.999 | {0.000 12.500} |         304 |        8 |              0 |        0 | u_video_clock_gen/inst/pixel_clk |
+-----------+-----------------+-------------------+-----------+-------------+----------------+-------------+----------+----------------+----------+----------------------------------+
* Slice Loads column represents load cell count of all cell types other than IO, GT and clock resources
** IO Loads column represents load cell count of IO types
*** Clocking Loads column represents load cell count that are clock resources (global clock buffer, MMCM, PLL, etc)
**** GT Loads column represents load cell count of GT types


+----+----+------+-----------------------+
|    | X0 | X1   | HORIZONTAL PROG DELAY |
+----+----+------+-----------------------+
| Y2 |  3 |  262 |                     0 |
| Y1 |  3 |   41 |                     0 |
| Y0 |  0 |    3 |                     0 |
+----+----+------+-----------------------+


8. Device Cell Placement Summary for Global Clock g2
----------------------------------------------------

+-----------+-----------------+-------------------+------------+-------------+---------------+-------------+----------+----------------+----------+-----------------------------------+
| Global Id | Driver Type/Pin | Driver Region (D) | Clock      | Period (ns) | Waveform (ns) | Slice Loads | IO Loads | Clocking Loads | GT Loads | Net                               |
+-----------+-----------------+-------------------+------------+-------------+---------------+-------------+----------+----------------+----------+-----------------------------------+
| g2        | BUFG/O          | n/a               | serial_clk |       5.000 | {0.000 2.500} |           0 |        8 |              0 |        0 | u_video_clock_gen/inst/serial_clk |
+-----------+-----------------+-------------------+------------+-------------+---------------+-------------+----------+----------------+----------+-----------------------------------+
* Slice Loads column represents load cell count of all cell types other than IO, GT and clock resources
** IO Loads column represents load cell count of IO types
*** Clocking Loads column represents load cell count that are clock resources (global clock buffer, MMCM, PLL, etc)
**** GT Loads column represents load cell count of GT types


+----+----+----+-----------------------+
|    | X0 | X1 | HORIZONTAL PROG DELAY |
+----+----+----+-----------------------+
| Y2 |  0 |  8 |                     0 |
| Y1 |  0 |  0 |                     0 |
| Y0 |  0 |  0 |                     0 |
+----+----+----+-----------------------+


9. Device Cell Placement Summary for Global Clock g3
----------------------------------------------------

+-----------+-----------------+-------------------+-------------------------+-------------+---------------+-------------+----------+----------------+----------+--------------------------------+
| Global Id | Driver Type/Pin | Driver Region (D) | Clock                   | Period (ns) | Waveform (ns) | Slice Loads | IO Loads | Clocking Loads | GT Loads | Net                            |
+-----------+-----------------+-------------------+-------------------------+-------------+---------------+-------------+----------+----------------+----------+--------------------------------+
| g3        | BUFG/O          | n/a               | clk_75MHz_cpu_clock_gen |      13.333 | {0.000 6.667} |           0 |        0 |              1 |        0 | u_cpu_clock_gen/inst/clk_75MHz |
+-----------+-----------------+-------------------+-------------------------+-------------+---------------+-------------+----------+----------------+----------+--------------------------------+
* Slice Loads column represents load cell count of all cell types other than IO, GT and clock resources
** IO Loads column represents load cell count of IO types
*** Clocking Loads column represents load cell count that are clock resources (global clock buffer, MMCM, PLL, etc)
**** GT Loads column represents load cell count of GT types


+----+----+----+-----------------------+
|    | X0 | X1 | HORIZONTAL PROG DELAY |
+----+----+----+-----------------------+
| Y2 |  0 |  0 |                     0 |
| Y1 |  0 |  0 |                     0 |
| Y0 |  0 |  1 |                     0 |
+----+----+----+-----------------------+


10. Device Cell Placement Summary for Global Clock g4
-----------------------------------------------------

+-----------+-----------------+-------------------+------------------------+-------------+----------------+-------------+----------+----------------+----------+-------------------------------------------------+
| Global Id | Driver Type/Pin | Driver Region (D) | Clock                  | Period (ns) | Waveform (ns)  | Slice Loads | IO Loads | Clocking Loads | GT Loads | Net                                             |
+-----------+-----------------+-------------------+------------------------+-------------+----------------+-------------+----------+----------------+----------+-------------------------------------------------+
| g4        | BUFG/O          | n/a               | clkfbout_cpu_clock_gen |      40.000 | {0.000 20.000} |           0 |        0 |              1 |        0 | u_cpu_clock_gen/inst/clkfbout_buf_cpu_clock_gen |
+-----------+-----------------+-------------------+------------------------+-------------+----------------+-------------+----------+----------------+----------+-------------------------------------------------+
* Slice Loads column represents load cell count of all cell types other than IO, GT and clock resources
** IO Loads column represents load cell count of IO types
*** Clocking Loads column represents load cell count that are clock resources (global clock buffer, MMCM, PLL, etc)
**** GT Loads column represents load cell count of GT types


+----+----+----+-----------------------+
|    | X0 | X1 | HORIZONTAL PROG DELAY |
+----+----+----+-----------------------+
| Y2 |  0 |  1 |                     0 |
| Y1 |  0 |  0 |                     0 |
| Y0 |  0 |  0 |                     0 |
+----+----+----+-----------------------+


11. Device Cell Placement Summary for Global Clock g5
-----------------------------------------------------

+-----------+-----------------+-------------------+--------------------------+-------------+----------------+-------------+----------+----------------+----------+-----------------------------------------------------+
| Global Id | Driver Type/Pin | Driver Region (D) | Clock                    | Period (ns) | Waveform (ns)  | Slice Loads | IO Loads | Clocking Loads | GT Loads | Net                                                 |
+-----------+-----------------+-------------------+--------------------------+-------------+----------------+-------------+----------+----------------+----------+-----------------------------------------------------+
| g5        | BUFG/O          | n/a               | clkfbout_video_clock_gen |      39.999 | {0.000 20.000} |           0 |        0 |              1 |        0 | u_video_clock_gen/inst/clkfbout_buf_video_clock_gen |
+-----------+-----------------+-------------------+--------------------------+-------------+----------------+-------------+----------+----------------+----------+-----------------------------------------------------+
* Slice Loads column represents load cell count of all cell types other than IO, GT and clock resources
** IO Loads column represents load cell count of IO types
*** Clocking Loads column represents load cell count that are clock resources (global clock buffer, MMCM, PLL, etc)
**** GT Loads column represents load cell count of GT types


+----+----+----+-----------------------+
|    | X0 | X1 | HORIZONTAL PROG DELAY |
+----+----+----+-----------------------+
| Y2 |  0 |  0 |                     0 |
| Y1 |  0 |  0 |                     0 |
| Y0 |  0 |  1 |                     0 |
+----+----+----+-----------------------+


12. Clock Region Cell Placement per Global Clock: Region X1Y0
-------------------------------------------------------------

+-----------+-------+-----------------+------------+-------------+-----------------+----+--------+------+-----+----+------+-----+---------+-----------------------------------------------------+
| Global Id | Track | Driver Type/Pin | Constraint | Clock Loads | Non-Clock Loads | FF | LUTRAM | RAMB | DSP | GT | MMCM | PLL | Hard IP | Net                                                 |
+-----------+-------+-----------------+------------+-------------+-----------------+----+--------+------+-----+----+------+-----+---------+-----------------------------------------------------+
| g1        | n/a   | BUFG/O          | None       |           3 |               0 |  0 |      0 |    3 |   0 |  0 |    0 |   0 |       0 | u_video_clock_gen/inst/pixel_clk                    |
| g3        | n/a   | BUFG/O          | None       |           1 |               0 |  0 |      0 |    0 |   0 |  0 |    1 |   0 |       0 | u_cpu_clock_gen/inst/clk_75MHz                      |
| g5        | n/a   | BUFG/O          | None       |           1 |               0 |  0 |      0 |    0 |   0 |  0 |    1 |   0 |       0 | u_video_clock_gen/inst/clkfbout_buf_video_clock_gen |
+-----------+-------+-----------------+------------+-------------+-----------------+----+--------+------+-----+----+------+-----+---------+-----------------------------------------------------+
* Clock Loads column represents the clock pin loads (pin count)
** Non-Clock Loads column represents the non-clock pin loads (pin count)
*** Columns FF, LUTRAM, RAMB through 'Hard IP' represents load cell counts


13. Clock Region Cell Placement per Global Clock: Region X0Y1
-------------------------------------------------------------

+-----------+-------+-----------------+------------+-------------+-----------------+----+--------+------+-----+----+------+-----+---------+----------------------------------+
| Global Id | Track | Driver Type/Pin | Constraint | Clock Loads | Non-Clock Loads | FF | LUTRAM | RAMB | DSP | GT | MMCM | PLL | Hard IP | Net                              |
+-----------+-------+-----------------+------------+-------------+-----------------+----+--------+------+-----+----+------+-----+---------+----------------------------------+
| g1        | n/a   | BUFG/O          | None       |           3 |               0 |  0 |      0 |    3 |   0 |  0 |    0 |   0 |       0 | u_video_clock_gen/inst/pixel_clk |
+-----------+-------+-----------------+------------+-------------+-----------------+----+--------+------+-----+----+------+-----+---------+----------------------------------+
* Clock Loads column represents the clock pin loads (pin count)
** Non-Clock Loads column represents the non-clock pin loads (pin count)
*** Columns FF, LUTRAM, RAMB through 'Hard IP' represents load cell counts


14. Clock Region Cell Placement per Global Clock: Region X1Y1
-------------------------------------------------------------

+-----------+-------+-----------------+------------+-------------+-----------------+-----+--------+------+-----+----+------+-----+---------+----------------------------------+
| Global Id | Track | Driver Type/Pin | Constraint | Clock Loads | Non-Clock Loads | FF  | LUTRAM | RAMB | DSP | GT | MMCM | PLL | Hard IP | Net                              |
+-----------+-------+-----------------+------------+-------------+-----------------+-----+--------+------+-----+----+------+-----+---------+----------------------------------+
| g0        | n/a   | BUFG/O          | None       |         124 |               0 | 124 |      0 |    0 |   0 |  0 |    0 |   0 |       0 | u_cpu_clock_gen/inst/clk_60MHz   |
| g1        | n/a   | BUFG/O          | None       |          41 |               0 |  20 |      0 |   21 |   0 |  0 |    0 |   0 |       0 | u_video_clock_gen/inst/pixel_clk |
+-----------+-------+-----------------+------------+-------------+-----------------+-----+--------+------+-----+----+------+-----+---------+----------------------------------+
* Clock Loads column represents the clock pin loads (pin count)
** Non-Clock Loads column represents the non-clock pin loads (pin count)
*** Columns FF, LUTRAM, RAMB through 'Hard IP' represents load cell counts


15. Clock Region Cell Placement per Global Clock: Region X0Y2
-------------------------------------------------------------

+-----------+-------+-----------------+------------+-------------+-----------------+----+--------+------+-----+----+------+-----+---------+----------------------------------+
| Global Id | Track | Driver Type/Pin | Constraint | Clock Loads | Non-Clock Loads | FF | LUTRAM | RAMB | DSP | GT | MMCM | PLL | Hard IP | Net                              |
+-----------+-------+-----------------+------------+-------------+-----------------+----+--------+------+-----+----+------+-----+---------+----------------------------------+
| g1        | n/a   | BUFG/O          | None       |           3 |               0 |  0 |      0 |    3 |   0 |  0 |    0 |   0 |       0 | u_video_clock_gen/inst/pixel_clk |
+-----------+-------+-----------------+------------+-------------+-----------------+----+--------+------+-----+----+------+-----+---------+----------------------------------+
* Clock Loads column represents the clock pin loads (pin count)
** Non-Clock Loads column represents the non-clock pin loads (pin count)
*** Columns FF, LUTRAM, RAMB through 'Hard IP' represents load cell counts


16. Clock Region Cell Placement per Global Clock: Region X1Y2
-------------------------------------------------------------

+-----------+-------+-----------------+------------+-------------+-----------------+------+--------+------+-----+----+------+-----+---------+-------------------------------------------------+
| Global Id | Track | Driver Type/Pin | Constraint | Clock Loads | Non-Clock Loads | FF   | LUTRAM | RAMB | DSP | GT | MMCM | PLL | Hard IP | Net                                             |
+-----------+-------+-----------------+------------+-------------+-----------------+------+--------+------+-----+----+------+-----+---------+-------------------------------------------------+
| g0        | n/a   | BUFG/O          | None       |        2674 |               0 | 2665 |      0 |    3 |   3 |  0 |    0 |   0 |       0 | u_cpu_clock_gen/inst/clk_60MHz                  |
| g1        | n/a   | BUFG/O          | None       |         262 |               0 |  236 |      0 |   18 |   0 |  0 |    0 |   0 |       0 | u_video_clock_gen/inst/pixel_clk                |
| g2        | n/a   | BUFG/O          | None       |           8 |               0 |    0 |      0 |    0 |   0 |  0 |    0 |   0 |       0 | u_video_clock_gen/inst/serial_clk               |
| g4        | n/a   | BUFG/O          | None       |           1 |               0 |    0 |      0 |    0 |   0 |  0 |    1 |   0 |       0 | u_cpu_clock_gen/inst/clkfbout_buf_cpu_clock_gen |
+-----------+-------+-----------------+------------+-------------+-----------------+------+--------+------+-----+----+------+-----+---------+-------------------------------------------------+
* Clock Loads column represents the clock pin loads (pin count)
** Non-Clock Loads column represents the non-clock pin loads (pin count)
*** Columns FF, LUTRAM, RAMB through 'Hard IP' represents load cell counts



# Location of BUFG Primitives 
set_property LOC BUFGCTRL_X0Y1 [get_cells u_video_clock_gen/inst/clkout1_buf]
set_property LOC BUFGCTRL_X0Y0 [get_cells u_video_clock_gen/inst/clkout2_buf]
set_property LOC BUFGCTRL_X0Y2 [get_cells u_video_clock_gen/inst/clkf_buf]
set_property LOC BUFGCTRL_X0Y17 [get_cells u_cpu_clock_gen/inst/clkf_buf]
set_property LOC BUFGCTRL_X0Y18 [get_cells u_cpu_clock_gen/inst/clkout2_buf]
set_property LOC BUFGCTRL_X0Y16 [get_cells u_cpu_clock_gen/inst/clkout1_buf]

# Location of IO Primitives which is load of clock spine

# Location of clock ports
set_property LOC IOB_X1Y124 [get_ports clk_in]

# Clock net "u_video_clock_gen/inst/serial_clk" driven by instance "u_video_clock_gen/inst/clkout1_buf" located at site "BUFGCTRL_X0Y1"
#startgroup
create_pblock {CLKAG_u_video_clock_gen/inst/serial_clk}
add_cells_to_pblock [get_pblocks  {CLKAG_u_video_clock_gen/inst/serial_clk}] [get_cells -filter { PRIMITIVE_GROUP != I/O && IS_PRIMITIVE==1 && PRIMITIVE_LEVEL !=INTERNAL } -of_object [get_pins -filter {DIRECTION==IN} -of_objects [get_nets -hierarchical -filter {PARENT=="u_video_clock_gen/inst/serial_clk"}]]]
resize_pblock [get_pblocks {CLKAG_u_video_clock_gen/inst/serial_clk}] -add {CLOCKREGION_X1Y2:CLOCKREGION_X1Y2}
#endgroup

# Clock net "u_video_clock_gen/inst/pixel_clk" driven by instance "u_video_clock_gen/inst/clkout2_buf" located at site "BUFGCTRL_X0Y0"
#startgroup
create_pblock {CLKAG_u_video_clock_gen/inst/pixel_clk}
add_cells_to_pblock [get_pblocks  {CLKAG_u_video_clock_gen/inst/pixel_clk}] [get_cells -filter { PRIMITIVE_GROUP != I/O && IS_PRIMITIVE==1 && PRIMITIVE_LEVEL !=INTERNAL } -of_object [get_pins -filter {DIRECTION==IN} -of_objects [get_nets -hierarchical -filter {PARENT=="u_video_clock_gen/inst/pixel_clk"}]]]
resize_pblock [get_pblocks {CLKAG_u_video_clock_gen/inst/pixel_clk}] -add {CLOCKREGION_X0Y1:CLOCKREGION_X0Y1 CLOCKREGION_X0Y2:CLOCKREGION_X0Y2 CLOCKREGION_X1Y0:CLOCKREGION_X1Y0 CLOCKREGION_X1Y1:CLOCKREGION_X1Y1 CLOCKREGION_X1Y2:CLOCKREGION_X1Y2}
#endgroup

# Clock net "u_cpu_clock_gen/inst/clk_60MHz" driven by instance "u_cpu_clock_gen/inst/clkout1_buf" located at site "BUFGCTRL_X0Y16"
#startgroup
create_pblock {CLKAG_u_cpu_clock_gen/inst/clk_60MHz}
add_cells_to_pblock [get_pblocks  {CLKAG_u_cpu_clock_gen/inst/clk_60MHz}] [get_cells -filter { PRIMITIVE_GROUP != I/O && IS_PRIMITIVE==1 && PRIMITIVE_LEVEL !=INTERNAL } -of_object [get_pins -filter {DIRECTION==IN} -of_objects [get_nets -hierarchical -filter {PARENT=="u_cpu_clock_gen/inst/clk_60MHz"}]]]
resize_pblock [get_pblocks {CLKAG_u_cpu_clock_gen/inst/clk_60MHz}] -add {CLOCKREGION_X1Y1:CLOCKREGION_X1Y1 CLOCKREGION_X1Y2:CLOCKREGION_X1Y2}
#endgroup
