Vivado Simulator v2021.1
Copyright 1986-1999, 2001-2021 Xilinx, Inc. All Rights Reserved.
Running: D:/Xilinix/Vivado/2021.1/bin/unwrapped/win64.o/xelab.exe -wto 4875ecca28b8414e8fd3964294886084 --incr --debug typical --relax --mt 2 -L xil_defaultlib -L unisims_ver -L unimacro_ver -L secureip -L xpm --snapshot tb_behav xil_defaultlib.tb xil_defaultlib.glbl -log elaborate.log 
Using 2 slave threads.
Starting static elaboration
Pass Through NonSizing Optimizer
Completed static elaboration
Starting simulation data flow analysis
Completed simulation data flow analysis
Time Resolution for simulation is 1ps
Compiling package std.standard
Compiling package std.textio
Compiling package ieee.std_logic_1164
Compiling package ieee.numeric_std
Compiling package unisim.vcomponents
Compiling package ieee.std_logic_arith
Compiling package ieee.vital_timing
Compiling package ieee.vital_primitives
Compiling package unisim.vpkg
Compiling package xil_defaultlib.dvi_constants
Compiling module xil_defaultlib.ssd_driver
Compiling module xil_defaultlib.resync
Compiling module unisims_ver.IBUF
Compiling module unisims_ver.MMCME2_ADV(CLKFBOUT_MULT_F=39.0,...
Compiling module unisims_ver.BUFG
Compiling module xil_defaultlib.cpu_clock_gen_clk_wiz
Compiling module xil_defaultlib.cpu_clock_gen
Compiling module unisims_ver.MMCME2_ADV(CLKFBOUT_MULT_F=40.0,...
Compiling module xil_defaultlib.video_clock_gen_clk_wiz
Compiling module xil_defaultlib.video_clock_gen
Compiling module xil_defaultlib.branch_cache_default
Compiling module xil_defaultlib.predictor_state_default
Compiling module xil_defaultlib.ras_default
Compiling module xil_defaultlib.branch_predictor_default
Compiling module xil_defaultlib.fetch_unit
Compiling module xil_defaultlib.decoder
Compiling module xil_defaultlib.regfile
Compiling module xil_defaultlib.alu_arith_shift_right
Compiling module xil_defaultlib.alu_adder
Compiling module xil_defaultlib.alu
Compiling module xil_defaultlib.divider
Compiling module xil_defaultlib.bypass_or_stall
Compiling module xil_defaultlib.store_queue
Compiling module xil_defaultlib.dccm_ram
Compiling module xil_defaultlib.exec_unit
Compiling module xil_defaultlib.control_unit
Compiling module xil_defaultlib.cpu
Compiling module xil_defaultlib.vga_control
Compiling module xil_defaultlib.frame_buffer_default
Compiling architecture behavioral of entity xil_defaultlib.TMDS_Encoder [tmds_encoder_default]
Compiling architecture behavioral of entity xil_defaultlib.SyncAsync [\SyncAsync(kresetto='1')\]
Compiling architecture behavioral of entity xil_defaultlib.ResetBridge [resetbridge_default]
Compiling architecture obufds_v of entity unisim.OBUFDS [\OBUFDS(iostandard="TMDS_33")(1,...]
Compiling architecture oserdese2_v of entity unisim.OSERDESE2 [\OSERDESE2(data_rate_tq="SDR",da...]
Compiling architecture oserdese2_v of entity unisim.OSERDESE2 [\OSERDESE2(data_rate_tq="SDR",da...]
Compiling architecture behavioral of entity xil_defaultlib.OutputSERDES [outputserdes_default]
Compiling architecture behavioral of entity xil_defaultlib.rgb2dvi [\rgb2dvi(kgenerateserialclk=fals...]
Compiling architecture rgb2dvi_0_arch of entity xil_defaultlib.rgb2dvi_0 [rgb2dvi_0_default]
Compiling module xil_defaultlib.msec_timer
Compiling module xil_defaultlib.dvi_display
Compiling module xil_defaultlib.top
Compiling module unisims_ver.OBUFT
Compiling module unisims_ver.OBUF
Compiling module unisims_ver.x_lut3_mux8
Compiling module unisims_ver.LUT3
Compiling module unisims_ver.CARRY4
Compiling module unisims_ver.x_lut2_mux4
Compiling module unisims_ver.LUT2
Compiling module unisims_ver.LUT6
Compiling module unisims_ver.x_lut1_mux2
Compiling module unisims_ver.LUT1
Compiling module unisims_ver.LUT4
Compiling module unisims_ver.LUT5
Compiling module unisims_ver.MUXF7
Compiling module unisims_ver.FDCE_default
Compiling module unisims_ver.DSP48E1(ACASCREG=0,ALUMODEREG=0,...
Compiling module unisims_ver.MUXF8
Compiling module xil_defaultlib.rv32im_rm_0_control_unit
Compiling module xil_defaultlib.rv32im_rm_0_rv32im_ref
Compiling module xil_defaultlib.rv32im_rm_0
Compiling module xil_defaultlib.tb
Compiling module xil_defaultlib.glbl
Built simulation snapshot tb_behav
