Time resolution is 1 ps
Warning: NUMERIC_STD."=": metavalue detected, returning FALSE
Time: 4 ns  Iteration: 2  Process: /tb/dut/u_dvi_display/u_rgb2dvi/U0/\DataEncoders(0)\/DataEncoder/line__154  File: C:/Users/madha/OneDrive/Desktop/Github/computer-architecture-practical/Practical-1d/prac1d/proj/CARD_P1D.ip_user_files/ipstatic/src/TMDS_Encoder.vhd
Warning: NUMERIC_STD."=": metavalue detected, returning FALSE
Time: 4 ns  Iteration: 2  Process: /tb/dut/u_dvi_display/u_rgb2dvi/U0/\DataEncoders(1)\/DataEncoder/line__154  File: C:/Users/madha/OneDrive/Desktop/Github/computer-architecture-practical/Practical-1d/prac1d/proj/CARD_P1D.ip_user_files/ipstatic/src/TMDS_Encoder.vhd
Warning: NUMERIC_STD."=": metavalue detected, returning FALSE
Time: 4 ns  Iteration: 2  Process: /tb/dut/u_dvi_display/u_rgb2dvi/U0/\DataEncoders(2)\/DataEncoder/line__154  File: C:/Users/madha/OneDrive/Desktop/Github/computer-architecture-practical/Practical-1d/prac1d/proj/CARD_P1D.ip_user_files/ipstatic/src/TMDS_Encoder.vhd
Warning: NUMERIC_STD."=": metavalue detected, returning FALSE
Time: 3758662 ps  Iteration: 2  Process: /tb/dut/u_dvi_display/u_rgb2dvi/U0/\DataEncoders(0)\/DataEncoder/line__154  File: C:/Users/madha/OneDrive/Desktop/Github/computer-architecture-practical/Practical-1d/prac1d/proj/CARD_P1D.ip_user_files/ipstatic/src/TMDS_Encoder.vhd
Warning: NUMERIC_STD."=": metavalue detected, returning FALSE
Time: 3758662 ps  Iteration: 2  Process: /tb/dut/u_dvi_display/u_rgb2dvi/U0/\DataEncoders(1)\/DataEncoder/line__154  File: C:/Users/madha/OneDrive/Desktop/Github/computer-architecture-practical/Practical-1d/prac1d/proj/CARD_P1D.ip_user_files/ipstatic/src/TMDS_Encoder.vhd
Warning: NUMERIC_STD."=": metavalue detected, returning FALSE
Time: 3758662 ps  Iteration: 2  Process: /tb/dut/u_dvi_display/u_rgb2dvi/U0/\DataEncoders(2)\/DataEncoder/line__154  File: C:/Users/madha/OneDrive/Desktop/Github/computer-architecture-practical/Practical-1d/prac1d/proj/CARD_P1D.ip_user_files/ipstatic/src/TMDS_Encoder.vhd
     199 x.x 0x00000000             sp <= 00003000
     200  8.0 0x00000004             sp <= 00003000
     201  3.3 0x00000008             sp <= 00002ffc
     202  2.7 0x0000000c             ra <= 00000010
     207  3.2 0x00000014             sp <= 00002fd4
     208  2.5 0x00000018             a5 <= 00002fd4
     209  2.3 0x0000001c             a4 <= 0000038f
     210  2.2 0x00000020               mem[00000fd4] <= 0000038f
     211  2.1 0x00000024             a1 <= 0000000a
     212  2.0 0x00000028             t1 <= 00000000
     213  1.9 0x0000002c             fp <= 000004d2
     214  1.8 0x00000030             s1 <= 00000224
     215  1.7 0x00000034             s2 <= 00001000
     216  1.7 0x00000038             s2 <= 00000911
     217  1.6 0x0000003c             s3 <= 000003b4
     218  1.6 0x00000040             s4 <= 00000306
     219  1.6 0x00000044             s5 <= 000001b0
     220  1.5 0x00000048             fp <= 00136864
     221  1.5 0x0000004c             s1 <= 002192f4
     222  1.5 0x00000050             s2 <= 000b3238
     223  1.4 0x00000054             s3 <= 00051a20
     224  1.4 0x00000058             s4 <= 00000000
     225  1.4 0x0000005c             s5 <= 00000000
     226  1.4 0x00000060             fp <= 0034fb58
     227  1.4 0x00000064             s2 <= ffd636e0
     228  1.3 0x00000068             s3 <= 0031e178
     229  1.3 0x0000006c             s4 <= 0034fb58
     230  1.3 0x00000070             s5 <= ffcb04a8
     231  1.3 0x00000074             fp <= 00568e4c
     232  1.3 0x00000078             s2 <= 0080576c
     233  1.3 0x0000007c             s3 <= 00676f34
     234  1.3 0x00000080             s4 <= 008b89a4
     235  1.3 0x00000084             s5 <= 008b89a4
     236  1.3 0x00000088             fp <= 0000038f
     238  1.3 0x0000008c             s2 <= 008053dd
     239  1.3 0x00000090             s3 <= 00676cbb
     240  1.3 0x00000094             s4 <= 008b8d33
     241  1.3 0x00000098             s5 <= 008b8615
     242  1.2 0x0000009c             fp <= 0000038f
     244  1.3 0x000000a0             s2 <= ff7fafb2
     245  1.3 0x000000a4             s3 <= 00676f34
     246  1.2 0x000000a8             s4 <= 008b90c2
     247  1.2 0x000000ac             s5 <= ff747d7a
     248  1.2 0x000000b0             fp <= 00219683
     249  1.2 0x000000b4             fp <= 00a1e6d1
     250  1.2 0x000000b8             s3 <= 00c689e5
     251  1.2 0x000000bc             s6 <= 00c379c5
     252  1.2 0x000000c0             s6 <= 0143ca13
     253  1.2 0x000000c4             s3 <= 018543f6
     254  1.2 0x000000c8             fp <= 00c379c5
     255  1.2 0x000000cc             fp <= 0143ca13
     256  1.2 0x000000d0             fp <= 01cf5ad5
     257  1.2 0x000000d4             s3 <= 004a1923
     258  1.2 0x000000d8             fp <= 01f0edc9
     259  1.2 0x000000dc             fp <= 02713e17
     260  1.2 0x000000e0             fp <= 02fcced9
     261  1.2 0x000000e4             s3 <= 02b6d7fa
     262  1.2 0x000000e8             s4 <= 0000038f
     264  1.2 0x000000ec             s1 <= 00219683
     265  1.2 0x000000f0             s2 <= ff7fac23
     266  1.2 0x000000f4             s3 <= 02b6d475
     267  1.2 0x000000f8             s4 <= 0000038f
     269  1.2 0x000000fc             s1 <= 00219a12
     270  1.2 0x00000100             s2 <= 0080576c
     271  1.2 0x00000104             s3 <= 02b6d7fa
     272  1.2 0x00000108             s5 <= 0000038f
     273  1.2 0x0000010c             t0 <= 00000000
     274  1.2 0x00000110             s1 <= 00219da1
     275  1.2 0x00000114             s2 <= 008053dd
     276  1.2 0x00000118             s3 <= 02b6d475
     277  1.2 0x0000011c             s5 <= 0000038f
     278  1.2 0x00000120             t0 <= 00000000
     279  1.1 0x00000124             s1 <= 0021a130
     280  1.1 0x00000128             s2 <= ff7fafb2
     281  1.1 0x0000012c             s3 <= 02b6d7fa
     282  1.1 0x00000130             t1 <= 00000001
     283  1.1 0x00000134               
     288  1.2 0x00000048             fp <= db61e360
     289  1.2 0x0000004c             s1 <= 0bcc11d4
     290  1.2 0x00000050             s2 <= a8aa92a6
     291  1.2 0x00000054             s3 <= 000ca9e1
     292  1.2 0x00000058             s4 <= 803c199d
     293  1.2 0x0000005c             s5 <= 67cda020
     294  1.2 0x00000060             fp <= e72df534
     295  1.2 0x00000064             s2 <= c17c9d72
     296  1.2 0x00000068             s3 <= e7215cd5
     297  1.2 0x0000006c             s4 <= 676a0ed1
     298  1.2 0x00000070             s5 <= 809faaec
     299  1.2 0x00000074             fp <= f2fa0708
     300  1.2 0x00000078             s2 <= 317d6996
     301  1.2 0x0000007c             s3 <= 15db5bdd
     302  1.2 0x00000080             s4 <= 5a6415d9
     303  1.1 0x00000084             s5 <= 725a5c1c
     304  1.1 0x00000088             fp <= 0000038f
     306  1.2 0x0000008c             s2 <= 317d6607
     307  1.2 0x00000090             s3 <= 15db5852
     308  1.2 0x00000094             s4 <= 5a641968
     309  1.1 0x00000098             s5 <= 725a588d
     310  1.1 0x0000009c             fp <= 0000038f
     312  1.2 0x000000a0             s2 <= ce829d88
     313  1.2 0x000000a4             s3 <= 15db5bdd
     314  1.2 0x000000a8             s4 <= 5a641cf7
     315  1.1 0x000000ac             s5 <= 8da5ab02
     316  1.1 0x000000b0             fp <= 0bcc1563
     317  1.1 0x000000b4             fp <= 3d4977db
     318  1.1 0x000000b8             s3 <= 28922c06
     319  1.1 0x000000bc             s6 <= 491589af
     320  1.1 0x000000c0             s6 <= 7a92ec27
     321  1.1 0x000000c4             s3 <= 5200c021
     322  1.1 0x000000c8             fp <= 491589af
     323  1.1 0x000000cc             fp <= 7a92ec27
     324  1.1 0x000000d0             fp <= d4f7091e
     325  1.1 0x000000d4             s3 <= 86f7c93f
     326  1.1 0x000000d8             fp <= e0c31af2
     327  1.1 0x000000dc             fp <= 12407d6a
     328  1.1 0x000000e0             fp <= 6ca49a61
     329  1.1 0x000000e4             s3 <= ea53535e
     330  1.1 0x000000e8             s4 <= 0000038f
     332  1.1 0x000000ec             s1 <= 0bcc1563
     333  1.1 0x000000f0             s2 <= ce8299f9
     334  1.1 0x000000f4             s3 <= ea5350d1
     335  1.1 0x000000f8             s4 <= 0000038f
     337  1.1 0x000000fc             s1 <= 0bcc18f2
     338  1.1 0x00000100             s2 <= 317d6996
     339  1.1 0x00000104             s3 <= ea53535e
     340  1.1 0x00000108             s5 <= 0000038f
     341  1.1 0x0000010c             t0 <= 00000000
     342  1.1 0x00000110             s1 <= 0bcc1c81
     343  1.1 0x00000114             s2 <= 317d6607
     344  1.1 0x00000118             s3 <= ea5350d1
     345  1.1 0x0000011c             s5 <= 0000038f
     346  1.1 0x00000120             t0 <= 00000000
     347  1.1 0x00000124             s1 <= 0bcc2010
     348  1.1 0x00000128             s2 <= ce829d88
     349  1.1 0x0000012c             s3 <= ea53535e
     350  1.1 0x00000130             t1 <= 00000002
     351  1.1 0x00000134               
     352  1.1 0x00000048             fp <= 9c3ad880
     353  1.1 0x0000004c             s1 <= 9020eff0
     354  1.1 0x00000050             s2 <= de85ab82
     355  1.1 0x00000054             s3 <= 000ca9e1
     356  1.1 0x00000058             s4 <= 30d65ec9
     357  1.1 0x0000005c             s5 <= 858cfb80
     358  1.1 0x00000060             fp <= 2c5bc870
     359  1.1 0x00000064             s2 <= b229e312
     360  1.1 0x00000068             s3 <= 2c576191
     361  1.1 0x0000006c             s4 <= 5d322739
     362  1.1 0x00000070             s5 <= 59313310
     363  1.1 0x00000074             fp <= bc7cb860
     364  1.1 0x00000078             s2 <= 0a52d54e
     365  1.1 0x0000007c             s3 <= 902bd9f1
     366  1.1 0x00000080             s4 <= 19aedf99
     367  1.1 0x00000084             s5 <= 634b8550
     368  1.1 0x00000088             fp <= 0000038f
     370  1.1 0x0000008c             s2 <= 0a52d1bf
     371  1.1 0x00000090             s3 <= 902bda7e
     372  1.1 0x00000094             s4 <= 19aee328
     373  1.1 0x00000098             s5 <= 634b81c1
     374  1.1 0x0000009c             fp <= 0000038f
     376  1.1 0x000000a0             s2 <= f5ad31d0
     377  1.1 0x000000a4             s3 <= 902bd9f1
     378  1.1 0x000000a8             s4 <= 19aee6b7
     379  1.1 0x000000ac             s5 <= 9cb481ce
     380  1.1 0x000000b0             fp <= 9020f37f
     381  1.1 0x000000b4             fp <= 9a73c1af
     382  1.1 0x000000b8             s3 <= 0a58185e
     383  1.1 0x000000bc             s6 <= 2a94b19f
     384  1.1 0x000000c0             s6 <= 34e77fcf
     385  1.1 0x000000c4             s3 <= 3ebf6791
     386  1.1 0x000000c8             fp <= 2a94b19f
     387  1.1 0x000000cc             fp <= 34e77fcf
     388  1.1 0x000000d0             fp <= 4e966686
     389  1.1 0x000000d4             s3 <= 70290117
     390  1.1 0x000000d8             fp <= deb75676
     391  1.1 0x000000dc             fp <= e90a24a6
     392  1.1 0x000000e0             fp <= 02b90b5d
     393  1.1 0x000000e4             s3 <= 72900a4a
     394  1.1 0x000000e8             s4 <= 0000038f
     396  1.1 0x000000ec             s1 <= 9020f37f
     397  1.1 0x000000f0             s2 <= f5ad2e41
     398  1.1 0x000000f4             s3 <= 729009c5
     399  1.1 0x000000f8             s4 <= 0000038f
     401  1.1 0x000000fc             s1 <= 9020f70e
     402  1.1 0x00000100             s2 <= 0a52d54e
     403  1.1 0x00000104             s3 <= 72900a4a
     404  1.1 0x00000108             s5 <= 0000038f
     405  1.1 0x0000010c             t0 <= 00000000
     406  1.1 0x00000110             s1 <= 9020fa9d
     407  1.1 0x00000114             s2 <= 0a52d1bf
     408  1.1 0x00000118             s3 <= 729009c5
     409  1.1 0x0000011c             s5 <= 0000038f
     410  1.1 0x00000120             t0 <= 00000000
     411  1.1 0x00000124             s1 <= 9020fe2c
     412  1.1 0x00000128             s2 <= f5ad31d0
     413  1.1 0x0000012c             s3 <= 72900a4a
     414  1.1 0x00000130             t1 <= 00000003
     415  1.1 0x00000134               
     416  1.1 0x00000048             fp <= 4b30efc0
     417  1.1 0x0000004c             s1 <= 6d028620
     418  1.1 0x00000050             s2 <= ae949d56
     419  1.1 0x00000054             s3 <= 000ca9e1
     420  1.1 0x00000058             s4 <= 43cfd1a1
     421  1.1 0x0000005c             s5 <= 69c21c40
     422  1.1 0x00000060             fp <= b83375e0
     423  1.1 0x00000064             s2 <= f6612776
     424  1.1 0x00000068             s3 <= b83fdc01
     425  1.1 0x0000006c             s4 <= fc034781
     426  1.1 0x00000070             s5 <= b18ea660
     427  1.1 0x00000074             fp <= 2535fc00
     428  1.1 0x00000078             s2 <= 2ed4d48a
     429  1.1 0x0000007c             s3 <= 9d0a2001
     430  1.1 0x00000080             s4 <= 21394381
     431  1.1 0x00000084             s5 <= 73a755a0
     432  1.1 0x00000088             fp <= 0000038f
     434  1.1 0x0000008c             s2 <= 2ed4d0fb
     435  1.1 0x00000090             s3 <= 9d0a238e
     436  1.1 0x00000094             s4 <= 21394710
     437  1.1 0x00000098             s5 <= 73a75211
     438  1.1 0x0000009c             fp <= 0000038f
     440  1.1 0x000000a0             s2 <= d12b3294
     441  1.1 0x000000a4             s3 <= 9d0a2001
     442  1.1 0x000000a8             s4 <= 21394a9f
     443  1.1 0x000000ac             s5 <= 8c58b17e
     444  1.1 0x000000b0             fp <= 6d0289af
     445  1.1 0x000000b4             fp <= 9bd7571b
     446  1.1 0x000000b8             s3 <= 06dd771a
     447  1.1 0x000000bc             s6 <= 08d9dd3b
     448  1.1 0x000000c0             s6 <= 37aeaaa7
     449  1.1 0x000000c4             s3 <= 3173ddbd
     450  1.1 0x000000c8             fp <= 08d9dd3b
     451  1.1 0x000000cc             fp <= 37aeaaa7
     452  1.1 0x000000d0             fp <= 58e7f546
     453  1.1 0x000000d4             s3 <= 699428fb
     454  1.1 0x000000d8             fp <= c5ea7b66
     455  1.1 0x000000dc             fp <= f4bf48d2
     456  1.1 0x000000e0             fp <= 15f89371
     457  1.1 0x000000e4             s3 <= 7c6cbb8a
     458  1.1 0x000000e8             s4 <= 0000038f
     460  1.1 0x000000ec             s1 <= 6d0289af
     461  1.1 0x000000f0             s2 <= d12b2f05
     462  1.1 0x000000f4             s3 <= 7c6cb805
     463  1.1 0x000000f8             s4 <= 0000038f
     465  1.1 0x000000fc             s1 <= 6d028d3e
     466  1.1 0x00000100             s2 <= 2ed4d48a
     467  1.1 0x00000104             s3 <= 7c6cbb8a
     468  1.1 0x00000108             s5 <= 0000038f
     469  1.1 0x0000010c             t0 <= 00000000
     470  1.1 0x00000110             s1 <= 6d0290cd
     471  1.1 0x00000114             s2 <= 2ed4d0fb
     472  1.1 0x00000118             s3 <= 7c6cb805
     473  1.1 0x0000011c             s5 <= 0000038f
     474  1.1 0x00000120             t0 <= 00000000
     475  1.1 0x00000124             s1 <= 6d02945c
     476  1.1 0x00000128             s2 <= d12b3294
     477  1.1 0x0000012c             s3 <= 7c6cbb8a
     478  1.1 0x00000130             t1 <= 00000004
     479  1.1 0x00000134               
     480  1.1 0x00000048             fp <= 8debbd30
     481  1.1 0x0000004c             s1 <= 55ab5fc8
     482  1.1 0x00000050             s2 <= c6ef6016
     483  1.1 0x00000054             s3 <= 000ca9e1
     484  1.1 0x00000058             s4 <= 26914849
     485  1.1 0x0000005c             s5 <= 070a4a50
     486  1.1 0x00000060             fp <= e3971cf8
     487  1.1 0x00000064             s2 <= e358431e
     488  1.1 0x00000068             s3 <= e39bb519
     489  1.1 0x0000006c             s4 <= 0a286541
     490  1.1 0x00000070             s5 <= 23732d58
     491  1.1 0x00000074             fp <= 39427cc0
     492  1.1 0x00000078             s2 <= 55ea39a2
     493  1.1 0x0000007c             s3 <= dad9c9d9
     494  1.1 0x00000080             s4 <= 436ae201
     495  1.1 0x00000084             s5 <= 15cf4f68
     496  1.1 0x00000088             fp <= 0000038f
     498  1.1 0x0000008c             s2 <= 55ea3613
     499  1.1 0x00000090             s3 <= dad9ca56
     500  1.1 0x00000094             s4 <= 436ae590
     501  1.1 0x00000098             s5 <= 15cf4bd9
     502  1.1 0x0000009c             fp <= 0000038f
     504  1.1 0x000000a0             s2 <= aa15cd7c
     505  1.1 0x000000a4             s3 <= dad9c9d9
     506  1.1 0x000000a8             s4 <= 436ae91f
     507  1.1 0x000000ac             s5 <= ea30b7b6
     508  1.1 0x000000b0             fp <= 55ab6357
     509  1.1 0x000000b4             fp <= ab9595db
     510  1.1 0x000000b8             s3 <= 714c5c02
     511  1.1 0x000000bc             s6 <= 0140f5a3
     512  1.1 0x000000c0             s6 <= 572b2827
     513  1.1 0x000000c4             s3 <= 26677425
     514  1.1 0x000000c8             fp <= 0140f5a3
     515  1.1 0x000000cc             fp <= 572b2827
     516  1.1 0x000000d0             fp <= 9a961146
     517  1.1 0x000000d4             s3 <= bcf16563
     518  1.1 0x000000d8             fp <= f041710e
     519  1.1 0x000000dc             fp <= 462ba392
     520  1.1 0x000000e0             fp <= 89968cb1
     521  1.1 0x000000e4             s3 <= 3567e9d2
     522  1.1 0x000000e8             s4 <= 0000038f
     524  1.1 0x000000ec             s1 <= 55ab6357
     525  1.1 0x000000f0             s2 <= aa15c9ed
     526  1.1 0x000000f4             s3 <= 3567ea5d
     527  1.1 0x000000f8             s4 <= 0000038f
     529  1.1 0x000000fc             s1 <= 55ab66e6
     530  1.1 0x00000100             s2 <= 55ea39a2
     531  1.1 0x00000104             s3 <= 3567e9d2
     532  1.1 0x00000108             s5 <= 0000038f
     533  1.1 0x0000010c             t0 <= 00000000
     534  1.1 0x00000110             s1 <= 55ab6a75
     535  1.1 0x00000114             s2 <= 55ea3613
     536  1.1 0x00000118             s3 <= 3567ea5d
     537  1.1 0x0000011c             s5 <= 0000038f
     538  1.1 0x00000120             t0 <= 00000000
     539  1.1 0x00000124             s1 <= 55ab6e04
     540  1.1 0x00000128             s2 <= aa15cd7c
     541  1.1 0x0000012c             s3 <= 3567e9d2
     542  1.1 0x00000130             t1 <= 00000005
     543  1.1 0x00000134               
     544  1.1 0x00000048             fp <= 74767df0
     545  1.1 0x0000004c             s1 <= b6cc6bb8
     546  1.1 0x00000050             s2 <= 0cc9124e
     547  1.1 0x00000054             s3 <= 000ca9e1
     548  1.1 0x00000058             s4 <= 3293e2c9
     549  1.1 0x0000005c             s5 <= f90aaf90
     550  1.1 0x00000060             fp <= 2b42e9a8
     551  1.1 0x00000064             s2 <= e18628a6
     552  1.1 0x00000068             s3 <= 2b4e4049
     553  1.1 0x0000006c             s4 <= 5dd6cc71
     554  1.1 0x00000070             s5 <= cdc7c5e8
     555  1.1 0x00000074             fp <= e20f5560
     556  1.1 0x00000078             s2 <= 00892cba
     557  1.1 0x0000007c             s3 <= c9411529
     558  1.1 0x00000080             s4 <= 3fe621d1
     559  1.1 0x00000084             s5 <= 14478f78
     560  1.1 0x00000088             fp <= 0000038f
     562  1.1 0x0000008c             s2 <= 0089292b
     563  1.1 0x00000090             s3 <= c94116a6
     564  1.1 0x00000094             s4 <= 3fe62560
     565  1.1 0x00000098             s5 <= 14478be9
     566  1.1 0x0000009c             fp <= 0000038f
     568  1.1 0x000000a0             s2 <= ff76da64
     569  1.1 0x000000a4             s3 <= c9411529
     570  1.1 0x000000a8             s4 <= 3fe628ef
     571  1.1 0x000000ac             s5 <= ebb877a6
     572  1.1 0x000000b0             fp <= b6cc6f47
     573  1.1 0x000000b4             fp <= b75594e3
     574  1.1 0x000000b8             s3 <= 7e1481ca
     575  1.1 0x000000bc             s6 <= 6e22009b
     576  1.1 0x000000c0             s6 <= 6eab2637
     577  1.1 0x000000c4             s3 <= 10bfa7fd
     578  1.1 0x000000c8             fp <= 6e22009b
     579  1.1 0x000000cc             fp <= 6eab2637
     580  1.1 0x000000d0             fp <= ae914f26
     581  1.1 0x000000d4             s3 <= be2ee8db
     582  1.1 0x000000d8             fp <= 655dbade
     583  1.1 0x000000dc             fp <= 65e6e07a
     584  1.1 0x000000e0             fp <= a5cd0969
     585  1.1 0x000000e4             s3 <= 1be3e1b2
     586  1.1 0x000000e8             s4 <= 0000038f
     588  1.1 0x000000ec             s1 <= b6cc6f47
     589  1.1 0x000000f0             s2 <= ff76d6d5
     590  1.1 0x000000f4             s3 <= 1be3e23d
     591  1.1 0x000000f8             s4 <= 0000038f
     593  1.1 0x000000fc             s1 <= b6cc72d6
     594  1.1 0x00000100             s2 <= 00892cba
     595  1.1 0x00000104             s3 <= 1be3e1b2
     596  1.1 0x00000108             s5 <= 0000038f
     597  1.1 0x0000010c             t0 <= 00000000
     598  1.1 0x00000110             s1 <= b6cc7665
     599  1.1 0x00000114             s2 <= 0089292b
     600  1.1 0x00000118             s3 <= 1be3e23d
     601  1.1 0x0000011c             s5 <= 0000038f
     602  1.1 0x00000120             t0 <= 00000000
     603  1.1 0x00000124             s1 <= b6cc79f4
     604  1.1 0x00000128             s2 <= ff76da64
     605  1.1 0x0000012c             s3 <= 1be3e1b2
     606  1.1 0x00000130             t1 <= 00000006
     607  1.1 0x00000134               
     608  1.1 0x00000048             fp <= ca316b50
     609  1.1 0x0000004c             s1 <= 4941bd88
     610  1.1 0x00000050             s2 <= 3ff0286e
     611  1.1 0x00000054             s3 <= 000ca9e1
     612  1.1 0x00000058             s4 <= d30cfdb9
     613  1.1 0x0000005c             s5 <= d4fbee30
     614  1.1 0x00000060             fp <= 137328d8
     615  1.1 0x00000064             s2 <= 2c7cff96
     616  1.0 0x00000068             s3 <= 137f8139
     617  1.0 0x0000006c             s4 <= e6802691
     618  1.0 0x00000070             s5 <= c188c558
     619  1.0 0x00000074             fp <= 5cb4e660
     620  1.0 0x00000078             s2 <= 3037e6ca
     621  1.0 0x0000007c             s3 <= 4fcb6759
     622  1.0 0x00000080             s4 <= 43350cf1
     623  1.0 0x00000084             s5 <= 9b2c2108
     624  1.0 0x00000088             fp <= 0000038f
     626  1.1 0x0000008c             s2 <= 3037e33b
     627  1.0 0x00000090             s3 <= 4fcb64d6
     628  1.0 0x00000094             s4 <= 43351080
     629  1.0 0x00000098             s5 <= 9b2c1d79
     630  1.0 0x0000009c             fp <= 0000038f
     632  1.1 0x000000a0             s2 <= cfc82054
     633  1.1 0x000000a4             s3 <= 4fcb6759
     634  1.1 0x000000a8             s4 <= 4335140f
     635  1.1 0x000000ac             s5 <= 64d3e616
     636  1.1 0x000000b0             fp <= 4941c117
     637  1.1 0x000000b4             fp <= 7979a0c3
     638  1.0 0x000000b8             s3 <= 36b2c79a
     639  1.0 0x000000bc             s6 <= c2bb5e4b
     640  1.0 0x000000c0             s6 <= f2f33df7
     641  1.0 0x000000c4             s3 <= c441fa6d
     642  1.0 0x000000c8             fp <= c2bb5e4b
     643  1.0 0x000000cc             fp <= f2f33df7
     644  1.0 0x000000d0             fp <= 36285206
     645  1.0 0x000000d4             s3 <= f269a86b
     646  1.0 0x000000d8             fp <= 7f6a0f8e
     647  1.0 0x000000dc             fp <= afa1ef3a
     648  1.0 0x000000e0             fp <= f2d70349
     649  1.0 0x000000e4             s3 <= 00beab22
     650  1.0 0x000000e8             s4 <= 0000038f
     652  1.0 0x000000ec             s1 <= 4941c117
     653  1.0 0x000000f0             s2 <= cfc81cc5
     654  1.0 0x000000f4             s3 <= 00bea8ad
     655  1.0 0x000000f8             s4 <= 0000038f
     657  1.1 0x000000fc             s1 <= 4941c4a6
     658  1.1 0x00000100             s2 <= 3037e6ca
     659  1.1 0x00000104             s3 <= 00beab22
     660  1.0 0x00000108             s5 <= 0000038f
     661  1.0 0x0000010c             t0 <= 00000000
     662  1.0 0x00000110             s1 <= 4941c835
     663  1.0 0x00000114             s2 <= 3037e33b
     664  1.0 0x00000118             s3 <= 00bea8ad
     665  1.0 0x0000011c             s5 <= 0000038f
     666  1.0 0x00000120             t0 <= 00000000
     667  1.0 0x00000124             s1 <= 4941cbc4
     668  1.0 0x00000128             s2 <= cfc82054
     669  1.0 0x0000012c             s3 <= 00beab22
     670  1.0 0x00000130             t1 <= 00000007
     671  1.0 0x00000134               
     672  1.0 0x00000048             fp <= f02f5c50
     673  1.0 0x0000004c             s1 <= 44846728
     674  1.0 0x00000050             s2 <= a682fdfe
     675  1.0 0x00000054             s3 <= 000ca9e1
     676  1.0 0x00000058             s4 <= 8f9981f9
     677  1.0 0x0000005c             s5 <= 46a12130
     678  1.0 0x00000060             fp <= 34b3c378
     679  1.0 0x00000064             s2 <= 71cf3a86
     680  1.0 0x00000068             s3 <= 34bf6a99
     681  1.0 0x0000006c             s4 <= c44d4571
     682  1.0 0x00000070             s5 <= 11ed5db8
     683  1.0 0x00000074             fp <= 79382aa0
     684  1.0 0x00000078             s2 <= 0768f01a
     685  1.0 0x0000007c             s3 <= 4d874039
     686  1.0 0x00000080             s4 <= 3d857011
     687  1.0 0x00000084             s5 <= 674acce8
     688  1.0 0x00000088             fp <= 0000038f
     690  1.0 0x0000008c             s2 <= 0768ec8b
     691  1.0 0x00000090             s3 <= 4d8743b6
     692  1.0 0x00000094             s4 <= 3d8573a0
     693  1.0 0x00000098             s5 <= 674ac959
     694  1.0 0x0000009c             fp <= 0000038f
     696  1.0 0x000000a0             s2 <= f8971704
     697  1.0 0x000000a4             s3 <= 4d874039
     698  1.0 0x000000a8             s4 <= 3d85772f
     699  1.0 0x000000ac             s5 <= 98b53a36
     700  1.0 0x000000b0             fp <= 44846ab7
     701  1.0 0x000000b4             fp <= 4bed53b3
     702  1.0 0x000000b8             s3 <= 066a138a
     703  1.0 0x000000bc             s6 <= 9071badb
     704  1.0 0x000000c0             s6 <= 97daa3d7
     705  1.0 0x000000c4             s3 <= 91b0b05d
     706  1.0 0x000000c8             fp <= 9071badb
     707  1.0 0x000000cc             fp <= 97daa3d7
     708  1.0 0x000000d0             fp <= d5601b06
     709  1.0 0x000000d4             s3 <= 44d0ab5b
     710  1.0 0x000000d8             fp <= 19e4822e
     711  1.0 0x000000dc             fp <= 214d6b2a
     712  1.0 0x000000e0             fp <= 5ed2e259
     713  1.0 0x000000e4             s3 <= 1a024902
     714  1.0 0x000000e8             s4 <= 0000038f
     716  1.0 0x000000ec             s1 <= 44846ab7
     717  1.0 0x000000f0             s2 <= f8971375
     718  1.0 0x000000f4             s3 <= 1a024a8d
     719  1.0 0x000000f8             s4 <= 0000038f
     721  1.0 0x000000fc             s1 <= 44846e46
     722  1.0 0x00000100             s2 <= 0768f01a
     723  1.0 0x00000104             s3 <= 1a024902
     724  1.0 0x00000108             s5 <= 0000038f
     725  1.0 0x0000010c             t0 <= 00000000
     726  1.0 0x00000110             s1 <= 448471d5
     727  1.0 0x00000114             s2 <= 0768ec8b
     728  1.0 0x00000118             s3 <= 1a024a8d
     729  1.0 0x0000011c             s5 <= 0000038f
     730  1.0 0x00000120             t0 <= 00000000
     731  1.0 0x00000124             s1 <= 44847564
     732  1.0 0x00000128             s2 <= f8971704
     733  1.0 0x0000012c             s3 <= 1a024902
     734  1.0 0x00000130             t1 <= 00000008
     735  1.0 0x00000134               
     736  1.0 0x00000048             fp <= 1699d190
     737  1.0 0x0000004c             s1 <= 9cc65208
     738  1.0 0x00000050             s2 <= 8e21ce1e
     739  1.0 0x00000054             s3 <= 000ca9e1
     740  1.0 0x00000058             s4 <= 630d0a19
     741  1.0 0x0000005c             s5 <= 503daff0
     742  1.0 0x00000060             fp <= b3602398
     743  1.0 0x00000064             s2 <= dac1aa86
     744  1.0 0x00000068             s3 <= b36c8a79
     745  1.0 0x0000006c             s4 <= 166d2db1
     746  1.0 0x00000070             s5 <= 9cdd8c58
     747  1.0 0x00000074             fp <= 502675a0
     748  1.0 0x00000078             s2 <= 7564cb1a
     749  1.0 0x0000007c             s3 <= e34affd9
     750  1.0 0x00000080             s4 <= 6693a351
     751  1.0 0x00000084             s5 <= b348e948
     752  1.0 0x00000088             fp <= 0000038f
     754  1.0 0x0000008c             s2 <= 7564c78b
     755  1.0 0x00000090             s3 <= e34afc56
     756  1.0 0x00000094             s4 <= 6693a6e0
     757  1.0 0x00000098             s5 <= b348e5b9
     758  1.0 0x0000009c             fp <= 0000038f
     760  1.0 0x000000a0             s2 <= 8a9b3c04
     761  1.0 0x000000a4             s3 <= e34affd9
     762  1.0 0x000000a8             s4 <= 6693aa6f
     763  1.0 0x000000ac             s5 <= 4cb71dd6
     764  1.0 0x000000b0             fp <= 9cc65597
     765  1.0 0x000000b4             fp <= 122b1993
     766  1.0 0x000000b8             s3 <= f161e64a
     767  1.0 0x000000bc             s6 <= aef16b9b
     768  1.0 0x000000c0             s6 <= 24562f97
     769  1.0 0x000000c4             s3 <= d537c9dd
     770  1.0 0x000000c8             fp <= aef16b9b
     771  1.0 0x000000cc             fp <= 24562f97
     772  1.0 0x000000d0             fp <= 8ae9da06
     773  1.0 0x000000d4             s3 <= 5fde13db
     774  1.0 0x000000d8             fp <= 27b02c0e
     775  1.0 0x000000dc             fp <= 9d14f00a
     776  1.0 0x000000e0             fp <= 03a89a79
     777  1.0 0x000000e4             s3 <= 5c7689a2
     778  1.0 0x000000e8             s4 <= 0000038f
     780  1.0 0x000000ec             s1 <= 9cc65597
     781  1.0 0x000000f0             s2 <= 8a9b3875
     782  1.0 0x000000f4             s3 <= 5c768a2d
     783  1.0 0x000000f8             s4 <= 0000038f
     785  1.0 0x000000fc             s1 <= 9cc65926
     786  1.0 0x00000100             s2 <= 7564cb1a
     787  1.0 0x00000104             s3 <= 5c7689a2
     788  1.0 0x00000108             s5 <= 0000038f
     789  1.0 0x0000010c             t0 <= 00000000
     790  1.0 0x00000110             s1 <= 9cc65cb5
     791  1.0 0x00000114             s2 <= 7564c78b
     792  1.0 0x00000118             s3 <= 5c768a2d
     793  1.0 0x0000011c             s5 <= 0000038f
     794  1.0 0x00000120             t0 <= 00000000
     795  1.0 0x00000124             s1 <= 9cc66044
     796  1.0 0x00000128             s2 <= 8a9b3c04
     797  1.0 0x0000012c             s3 <= 5c7689a2
     798  1.0 0x00000130             t1 <= 00000009
     799  1.0 0x00000134               
     800  1.0 0x00000048             fp <= e2d57110
     801  1.0 0x0000004c             s1 <= e3321e88
     802  1.0 0x00000050             s2 <= 09d3c77e
     803  1.0 0x00000054             s3 <= 000ca9e1
     804  1.0 0x00000058             s4 <= 4eb35a59
     805  1.0 0x0000005c             s5 <= 3707a070
     806  1.0 0x00000060             fp <= c6078f98
     807  1.0 0x00000064             s2 <= 43cc37e6
     808  1.0 0x00000068             s3 <= c60b2679
     809  1.0 0x0000006c             s4 <= 14bae9f1
     810  1.0 0x00000070             s5 <= 710010d8
     811  1.0 0x00000074             fp <= a939ae20
     812  1.0 0x00000078             s2 <= 656d763a
     813  1.0 0x0000007c             s3 <= 6f328859
     814  1.0 0x00000080             s4 <= bdf49811
     815  1.0 0x00000084             s5 <= 38399d48
     816  1.0 0x00000088             fp <= 0000038f
     818  1.0 0x0000008c             s2 <= 656d72ab
     819  1.0 0x00000090             s3 <= 6f328bd6
     820  1.0 0x00000094             s4 <= bdf49ba0
     821  1.0 0x00000098             s5 <= 383999b9
     822  1.0 0x0000009c             fp <= 0000038f
     824  1.0 0x000000a0             s2 <= 9a9290e4
     825  1.0 0x000000a4             s3 <= 6f328859
     826  1.0 0x000000a8             s4 <= bdf49f2f
     827  1.0 0x000000ac             s5 <= c7c669d6
     828  1.0 0x000000b0             fp <= e3322217
     829  1.0 0x000000b4             fp <= 489f9133
     830  1.0 0x000000b8             s3 <= 27ad196a
     831  1.0 0x000000bc             s6 <= 2bd1afbb
     832  1.0 0x000000c0             s6 <= 913f1ed7
     833  1.0 0x000000c4             s3 <= b69207bd
     834  1.0 0x000000c8             fp <= 2bd1afbb
     835  1.0 0x000000cc             fp <= 913f1ed7
     836  1.0 0x000000d0             fp <= 4f33be06
     837  1.0 0x000000d4             s3 <= f9a1b9bb
     838  1.0 0x000000d8             fp <= 3265dc8e
     839  1.0 0x000000dc             fp <= 97d34baa
     840  1.0 0x000000e0             fp <= 55c7ead9
     841  1.0 0x000000e4             s3 <= ac665362
     842  1.0 0x000000e8             s4 <= 0000038f
     844  1.0 0x000000ec             s1 <= e3322217
     845  1.0 0x000000f0             s2 <= 9a928d55
     846  1.0 0x000000f4             s3 <= ac6650ed
     847  1.0 0x000000f8             s4 <= 0000038f
     849  1.0 0x000000fc             s1 <= e33225a6
     850  1.0 0x00000100             s2 <= 656d763a
     851  1.0 0x00000104             s3 <= ac665362
     852  1.0 0x00000108             s5 <= 0000038f
     853  1.0 0x0000010c             t0 <= 00000000
     854  1.0 0x00000110             s1 <= e3322935
     855  1.0 0x00000114             s2 <= 656d72ab
     856  1.0 0x00000118             s3 <= ac6650ed
     857  1.0 0x0000011c             s5 <= 0000038f
     858  1.0 0x00000120             t0 <= 00000000
     859  1.0 0x00000124             s1 <= e3322cc4
     860  1.0 0x00000128             s2 <= 9a9290e4
     861  1.0 0x0000012c             s3 <= ac665362
     862  1.0 0x00000130             t1 <= 0000000a
     863  1.0 0x00000134               
     868  1.0 0x00000138             sp <= 00002ffc
     869  1.0 0x0000013c               
     874  1.1 0x00000010               
$finish called at time : 20208666 ps : File "C:/Users/madha/OneDrive/Desktop/Github/computer-architecture-practical/Practical-1d/prac1d/src/sim/tb.v" Line 329
